{
  "data": {
    "method": "POST",
    "service": "go-main-service",
    "status_code": 400,
    "url": "http://localhost:8001/v1/gateway/images/get-url"
  },
  "level": "warning",
  "msg": "http error",
  "time": "2025-09-09T16:07:44+07:00"
}
{
  "data": {
    "method": "POST",
    "service": "go-main-service",
    "status_code": 400,
    "url": "http://localhost:8001/v1/gateway/images/get-url"
  },
  "level": "warning",
  "msg": "http error",
  "time": "2025-09-10T08:05:35+07:00"
}
{
  "data": {
    "method": "POST",
    "service": "go-main-service",
    "status_code": 400,
    "url": "http://localhost:8001/v1/gateway/images/get-url"
  },
  "level": "warning",
  "msg": "http error",
  "time": "2025-09-10T08:13:51+07:00"
}
{
  "data": {
    "method": "POST",
    "service": "go-main-service",
    "status_code": 400,
    "url": "http://localhost:8001/v1/gateway/images/get-url"
  },
  "level": "warning",
  "msg": "http error",
  "time": "2025-09-10T08:14:01+07:00"
}
{
  "data": {
    "method": "POST",
    "service": "go-main-service",
    "status_code": 400,
    "url": "http://localhost:8001/v1/gateway/images/get-url"
  },
  "level": "warning",
  "msg": "http error",
  "time": "2025-09-10T08:14:24+07:00"
}
{
  "data": {
    "method": "POST",
    "service": "go-main-service",
    "status_code": 400,
    "url": "http://localhost:8001/v1/gateway/images/get-url"
  },
  "level": "warning",
  "msg": "http error",
  "time": "2025-09-10T08:16:04+07:00"
}
{
  "data": {
    "method": "POST",
    "service": "go-main-service",
    "status_code": 400,
    "url": "http://localhost:8001/v1/gateway/images/get-url"
  },
  "level": "warning",
  "msg": "http error",
  "time": "2025-09-10T08:16:26+07:00"
}
{
  "data": {
    "method": "POST",
    "service": "go-main-service",
    "status_code": 400,
    "url": "http://localhost:8001/v1/gateway/images/get-url"
  },
  "level": "warning",
  "msg": "http error",
  "time": "2025-09-10T08:16:39+07:00"
}
{
  "data": {
    "method": "POST",
    "service": "go-main-service",
    "status_code": 400,
    "url": "http://localhost:8001/v1/gateway/images/get-url"
  },
  "level": "warning",
  "msg": "http error",
  "time": "2025-09-10T08:18:13+07:00"
}
{
  "data": {
    "method": "POST",
    "service": "go-main-service",
    "status_code": 400,
    "url": "http://localhost:8001/v1/gateway/images/get-url"
  },
  "level": "warning",
  "msg": "http error",
  "time": "2025-09-10T08:18:58+07:00"
}
{
  "data": {
    "method": "POST",
    "service": "go-main-service",
    "status_code": 400,
    "url": "http://localhost:8001/v1/gateway/images/get-url"
  },
  "level": "warning",
  "msg": "http error",
  "time": "2025-09-10T10:12:22+07:00"
}
{
  "data": {
    "method": "POST",
    "service": "go-main-service",
    "status_code": 400,
    "url": "http://localhost:8001/v1/gateway/images/get-url"
  },
  "level": "warning",
  "msg": "http error",
  "time": "2025-09-10T10:19:40+07:00"
}
{
  "data": {
    "method": "POST",
    "service": "go-main-service",
    "status_code": 400,
    "url": "http://localhost:8001/v1/gateway/images/get-url"
  },
  "level": "warning",
  "msg": "http error",
  "time": "2025-09-10T10:20:24+07:00"
}
{
  "data": {
    "method": "POST",
    "service": "go-main-service",
    "status_code": 400,
    "url": "http://localhost:8001/v1/gateway/images/get-url"
  },
  "level": "warning",
  "msg": "http error",
  "time": "2025-09-10T10:20:24+07:00"
}
{
  "data": {
    "method": "POST",
    "service": "go-main-service",
    "status_code": 400,
    "url": "http://localhost:8001/v1/gateway/images/get-url"
  },
  "level": "warning",
  "msg": "http error",
  "time": "2025-09-10T10:21:08+07:00"
}
{
  "data": {
    "method": "POST",
    "service": "go-main-service",
    "status_code": 400,
    "url": "http://localhost:8001/v1/gateway/images/get-url"
  },
  "level": "warning",
  "msg": "http error",
  "time": "2025-09-10T10:21:08+07:00"
}
{
  "data": {
    "method": "POST",
    "service": "go-main-service",
    "status_code": 400,
    "url": "http://localhost:8001/v1/gateway/images/get-url"
  },
  "level": "warning",
  "msg": "http error",
  "time": "2025-09-10T10:21:32+07:00"
}
{
  "data": {
    "method": "POST",
    "service": "go-main-service",
    "status_code": 400,
    "url": "http://localhost:8001/v1/gateway/images/get-url"
  },
  "level": "warning",
  "msg": "http error",
  "time": "2025-09-10T10:21:32+07:00"
}
{
  "data": {
    "method": "POST",
    "service": "go-main-service",
    "status_code": 400,
    "url": "http://localhost:8001/v1/gateway/images/get-url"
  },
  "level": "warning",
  "msg": "http error",
  "time": "2025-09-10T10:22:00+07:00"
}
{
  "data": {
    "method": "POST",
    "service": "go-main-service",
    "status_code": 400,
    "url": "http://localhost:8001/v1/gateway/images/get-url"
  },
  "level": "warning",
  "msg": "http error",
  "time": "2025-09-10T10:22:00+07:00"
}
{
  "data": {
    "method": "POST",
    "service": "go-main-service",
    "status_code": 400,
    "url": "http://localhost:8001/v1/gateway/images/get-url"
  },
  "level": "warning",
  "msg": "http error",
  "time": "2025-09-10T10:23:02+07:00"
}
{
  "data": {
    "method": "POST",
    "service": "go-main-service",
    "status_code": 400,
    "url": "http://localhost:8001/v1/gateway/images/get-url"
  },
  "level": "warning",
  "msg": "http error",
  "time": "2025-09-10T10:23:02+07:00"
}
{
  "data": {
    "method": "POST",
    "service": "go-main-service",
    "status_code": 400,
    "url": "http://localhost:8001/v1/gateway/images/get-url"
  },
  "level": "warning",
  "msg": "http error",
  "time": "2025-09-10T10:23:02+07:00"
}
{
  "data": {
    "method": "POST",
    "service": "go-main-service",
    "status_code": 400,
    "url": "http://localhost:8001/v1/gateway/images/get-url"
  },
  "level": "warning",
  "msg": "http error",
  "time": "2025-09-10T10:24:00+07:00"
}
{
  "data": {
    "method": "POST",
    "service": "go-main-service",
    "status_code": 400,
    "url": "http://localhost:8001/v1/gateway/images/get-url"
  },
  "level": "warning",
  "msg": "http error",
  "time": "2025-09-10T10:24:00+07:00"
}
{
  "data": {
    "method": "POST",
    "service": "go-main-service",
    "status_code": 400,
    "url": "http://localhost:8001/v1/gateway/images/get-url"
  },
  "level": "warning",
  "msg": "http error",
  "time": "2025-09-10T10:24:00+07:00"
}
{
  "data": {
    "method": "POST",
    "service": "go-main-service",
    "status_code": 400,
    "url": "http://localhost:8001/v1/gateway/images/get-url"
  },
  "level": "warning",
  "msg": "http error",
  "time": "2025-09-10T10:39:32+07:00"
}
{
  "data": {
    "method": "POST",
    "service": "go-main-service",
    "status_code": 400,
    "url": "http://localhost:8001/v1/gateway/images/get-url"
  },
  "level": "warning",
  "msg": "http error",
  "time": "2025-09-10T10:39:32+07:00"
}
{
  "data": {
    "method": "POST",
    "service": "go-main-service",
    "status_code": 400,
    "url": "http://localhost:8001/v1/gateway/images/get-url"
  },
  "level": "warning",
  "msg": "http error",
  "time": "2025-09-10T10:39:32+07:00"
}
{
  "data": {
    "method": "POST",
    "service": "go-main-service",
    "status_code": 400,
    "url": "http://localhost:8001/v1/gateway/images/get-url"
  },
  "level": "warning",
  "msg": "http error",
  "time": "2025-09-10T10:49:28+07:00"
}
{
  "data": {
    "method": "POST",
    "service": "go-main-service",
    "status_code": 400,
    "url": "http://localhost:8001/v1/gateway/images/get-url"
  },
  "level": "warning",
  "msg": "http error",
  "time": "2025-09-10T10:49:28+07:00"
}
{
  "data": {
    "method": "POST",
    "service": "go-main-service",
    "status_code": 400,
    "url": "http://localhost:8001/v1/gateway/images/get-url"
  },
  "level": "warning",
  "msg": "http error",
  "time": "2025-09-10T10:49:28+07:00"
}
{
  "data": {
    "method": "POST",
    "service": "go-main-service",
    "status_code": 400,
    "url": "http://localhost:8001/v1/gateway/images/get-url"
  },
  "level": "warning",
  "msg": "http error",
  "time": "2025-09-10T10:50:14+07:00"
}
{
  "data": {
    "method": "POST",
    "service": "go-main-service",
    "status_code": 400,
    "url": "http://localhost:8001/v1/gateway/images/get-url"
  },
  "level": "warning",
  "msg": "http error",
  "time": "2025-09-10T10:50:14+07:00"
}
{
  "data": {
    "method": "POST",
    "service": "go-main-service",
    "status_code": 400,
    "url": "http://localhost:8001/v1/gateway/images/get-url"
  },
  "level": "warning",
  "msg": "http error",
  "time": "2025-09-10T10:50:14+07:00"
}
{
  "data": {
    "method": "POST",
    "service": "go-main-service",
    "status_code": 400,
    "url": "http://localhost:8001/v1/gateway/images/get-url"
  },
  "level": "warning",
  "msg": "http error",
  "time": "2025-09-10T10:50:25+07:00"
}
{
  "data": {
    "method": "POST",
    "service": "go-main-service",
    "status_code": 400,
    "url": "http://localhost:8001/v1/gateway/images/get-url"
  },
  "level": "warning",
  "msg": "http error",
  "time": "2025-09-10T10:50:25+07:00"
}
{
  "data": {
    "method": "POST",
    "service": "go-main-service",
    "status_code": 400,
    "url": "http://localhost:8001/v1/gateway/images/get-url"
  },
  "level": "warning",
  "msg": "http error",
  "time": "2025-09-10T10:50:25+07:00"
}
{
  "data": {
    "error_code": "ERR_INVALID_REQUEST",
    "method": "POST",
    "path": "/api/v1/admin/departments/assign/staff",
    "status_code": 400
  },
  "level": "error",
  "msg": "Key: 'AssignStaffRequest.Index' Error:Field validation for 'Index' failed on the 'required' tag",
  "time": "2025-09-10T11:35:26+07:00"
}
{
  "data": {
    "method": "POST",
    "service": "go-main-service",
    "status_code": 400,
    "url": "http://localhost:8001/v1/gateway/images/get-url"
  },
  "level": "warning",
  "msg": "http error",
  "time": "2025-09-10T11:37:24+07:00"
}
{
  "data": {
    "method": "POST",
    "service": "go-main-service",
    "status_code": 400,
    "url": "http://localhost:8001/v1/gateway/images/get-url"
  },
  "level": "warning",
  "msg": "http error",
  "time": "2025-09-10T11:37:24+07:00"
}
{
  "data": {
    "method": "POST",
    "service": "go-main-service",
    "status_code": 400,
    "url": "http://localhost:8001/v1/gateway/images/get-url"
  },
  "level": "warning",
  "msg": "http error",
  "time": "2025-09-10T11:37:24+07:00"
}
{
  "data": {
    "error_code": "ERR_INVALID_OPERATION",
    "method": "POST",
    "path": "/api/v1/admin/departments/assign/staff",
    "status_code": 500
  },
  "level": "error",
  "msg": "the staff already exists at index=0",
  "time": "2025-09-12T09:59:36+07:00"
}
